<?xml version="1.0" encoding="UTF-8"?>
<!-- Generated by org.testng.reporters.JUnitXMLReporter -->
<testsuite hostname="DESKTOP-UFMB1VQ" failures="0" tests="8" name="Default test" time="22.77" errors="0" timestamp="18 Nov 2022 16:01:51 GMT">
  <testcase classname="com.pwc.productcentral.SanityTestCases" name="WEB_20" time="5.127"/>
  <testcase classname="com.pwc.productcentral.SanityTestCases" name="WEB_20_1" time="4.218"/>
  <testcase classname="com.pwc.productcentral.SanityTestCases" name="WEB_20_2" time="5.478"/>
  <testcase classname="com.pwc.productcentral.SanityTestCases" name="WEB_20_3" time="4.179"/>
  <testcase classname="com.pwc.productcentral.SanityTestCases" name="WEB_21" time="0.812"/>
  <testcase classname="com.pwc.productcentral.SanityTestCases" name="WEB_21_1" time="0.783"/>
  <testcase classname="com.pwc.productcentral.SanityTestCases" name="WEB_21_2" time="0.691"/>
  <testcase classname="com.pwc.productcentral.SanityTestCases" name="WEB_21_3" time="1.106"/>
</testsuite> <!-- Default test -->
