<?xml version="1.0" encoding="UTF-8"?>
<testng-results total="1" passed="1" failed="0" skipped="0">
  <reporter-output>
  </reporter-output>
  <suite started-at="2022-12-14T15:44:23Z" name="Default suite" finished-at="2022-12-14T15:44:28Z" duration-ms="4723">
    <groups>
    </groups>
    <test started-at="2022-12-14T15:44:23Z" name="Default test" finished-at="2022-12-14T15:44:28Z" duration-ms="4723">
      <class name="com.pwc.productcentral.SanityTestCases">
        <test-method is-config="true" signature="setUp()[pri:0, instance:com.pwc.productcentral.SanityTestCases@732bb66d]" started-at="2022-12-14T10:44:23Z" name="setUp" finished-at="2022-12-14T10:44:23Z" duration-ms="120" status="PASS">
          <reporter-output>
          </reporter-output>
        </test-method> <!-- setUp -->
        <test-method is-config="true" signature="initTest()[pri:0, instance:com.pwc.productcentral.SanityTestCases@732bb66d]" started-at="2022-12-14T10:44:23Z" name="initTest" finished-at="2022-12-14T10:44:24Z" duration-ms="132" status="PASS">
          <reporter-output>
          </reporter-output>
        </test-method> <!-- initTest -->
        <test-method signature="WEB_47()[pri:0, instance:com.pwc.productcentral.SanityTestCases@732bb66d]" started-at="2022-12-14T10:44:24Z" name="WEB_47" finished-at="2022-12-14T10:44:28Z" duration-ms="4583" status="PASS">
          <reporter-output>
          </reporter-output>
        </test-method> <!-- WEB_47 -->
        <test-method is-config="true" signature="closingBrowser()[pri:0, instance:com.pwc.productcentral.SanityTestCases@732bb66d]" started-at="2022-12-14T10:44:28Z" name="closingBrowser" finished-at="2022-12-14T10:44:28Z" duration-ms="214" status="PASS">
          <reporter-output>
          </reporter-output>
        </test-method> <!-- closingBrowser -->
      </class> <!-- com.pwc.productcentral.SanityTestCases -->
    </test> <!-- Default test -->
  </suite> <!-- Default suite -->
</testng-results>
